# JRE version: Java(TM) SE Runtime Environment (19.0+36) (build 19+36-2238)
# Java VM: Java HotSpot(TM) 64-Bit Server VM (19+36-2238, mixed mode, sharing, tiered, compressed oops, compressed class ptrs, g1 gc, windows-amd64)
GC Precious Log:
 CardTable entry size: 512
 Card Set container configuration: InlinePtr #cards 5 size 8 Array Of Cards #cards 12 size 40 Howl #buckets 4 coarsen threshold 1843 Howl Bitmap #cards 512 size 80 coarsen threshold 460 Card regions per heap region 1 cards per card region 2048
 CPUs: 8 total, 8 available
 Memory: 7926M
 Large Page Support: Disabled
 NUMA Support: Disabled
 Compressed Oops: Enabled (32-bit)
 Heap Region Size: 1M
 Heap Min Capacity: 8M
 Heap Initial Capacity: 124M
 Heap Max Capacity: 1982M
 Pre-touch: Disabled
 Parallel Workers: 8
 Concurrent Workers: 2
 Concurrent Refinement Workers: 8
 Periodic GC: Disabled
Heap:
 garbage-first heap   total 75776K, used 43337K [0x0000000084200000, 0x0000000100000000)
  region size 1024K, 1 young (1024K), 1 survivors (1024K)
 Metaspace       used 33490K, committed 33920K, reserved 1114112K
  class space    used 4021K, committed 4224K, reserved 1048576K
GC Heap History (20 events):
Event: 2.656 GC heap after
{Heap after GC invocations=2 (full 0):
 garbage-first heap   total 126976K, used 9148K [0x0000000084200000, 0x0000000100000000)
  region size 1024K, 3 young (3072K), 3 survivors (3072K)
 Metaspace       used 13846K, committed 14208K, reserved 1114112K
  class space    used 1548K, committed 1728K, reserved 1048576K
}
Event: 4.448 GC heap before
{Heap before GC invocations=2 (full 0):
 garbage-first heap   total 126976K, used 31676K [0x0000000084200000, 0x0000000100000000)
  region size 1024K, 26 young (26624K), 3 survivors (3072K)
 Metaspace       used 21099K, committed 21504K, reserved 1114112K
  class space    used 2493K, committed 2688K, reserved 1048576K
}
Event: 4.456 GC heap after
{Heap after GC invocations=3 (full 0):
 garbage-first heap   total 126976K, used 12293K [0x0000000084200000, 0x0000000100000000)
  region size 1024K, 6 young (6144K), 6 survivors (6144K)
 Metaspace       used 21099K, committed 21504K, reserved 1114112K
  class space    used 2493K, committed 2688K, reserved 1048576K
}
Event: 7.215 GC heap before
{Heap before GC invocations=4 (full 0):
 garbage-first heap   total 48128K, used 39941K [0x0000000084200000, 0x0000000100000000)
  region size 1024K, 28 young (28672K), 6 survivors (6144K)
 Metaspace       used 28338K, committed 28736K, reserved 1114112K
  class space    used 3408K, committed 3584K, reserved 1048576K
}
Event: 7.225 GC heap after
{Heap after GC invocations=5 (full 0):
 garbage-first heap   total 49152K, used 19026K [0x0000000084200000, 0x0000000100000000)
  region size 1024K, 3 young (3072K), 3 survivors (3072K)
 Metaspace       used 28338K, committed 28736K, reserved 1114112K
  class space    used 3408K, committed 3584K, reserved 1048576K
}
Event: 7.249 GC heap before
{Heap before GC invocations=5 (full 0):
 garbage-first heap   total 49152K, used 20050K [0x0000000084200000, 0x0000000100000000)
  region size 1024K, 4 young (4096K), 3 survivors (3072K)
 Metaspace       used 28579K, committed 28992K, reserved 1114112K
  class space    used 3439K, committed 3648K, reserved 1048576K
}
Event: 7.253 GC heap after
{Heap after GC invocations=6 (full 0):
 garbage-first heap   total 49152K, used 19293K [0x0000000084200000, 0x0000000100000000)
  region size 1024K, 1 young (1024K), 1 survivors (1024K)
 Metaspace       used 28579K, committed 28992K, reserved 1114112K
  class space    used 3439K, committed 3648K, reserved 1048576K
}
Event: 10.128 GC heap before
{Heap before GC invocations=6 (full 0):
 garbage-first heap   total 49152K, used 27485K [0x0000000084200000, 0x0000000100000000)
  region size 1024K, 10 young (10240K), 1 survivors (1024K)
 Metaspace       used 30225K, committed 30656K, reserved 1114112K
  class space    used 3664K, committed 3904K, reserved 1048576K
}
Event: 10.131 GC heap after
{Heap after GC invocations=7 (full 0):
 garbage-first heap   total 49152K, used 20063K [0x0000000084200000, 0x0000000100000000)
  region size 1024K, 2 young (2048K), 2 survivors (2048K)
 Metaspace       used 30225K, committed 30656K, reserved 1114112K
  class space    used 3664K, committed 3904K, reserved 1048576K
}
Event: 13.721 GC heap before
{Heap before GC invocations=7 (full 0):
 garbage-first heap   total 49152K, used 28255K [0x0000000084200000, 0x0000000100000000)
  region size 1024K, 6 young (6144K), 2 survivors (2048K)
 Metaspace       used 30345K, committed 30784K, reserved 1114112K
  class space    used 3664K, committed 3904K, reserved 1048576K
}
Event: 13.724 GC heap after
{Heap after GC invocations=8 (full 0):
 garbage-first heap   total 49152K, used 25777K [0x0000000084200000, 0x0000000100000000)
  region size 1024K, 2 young (2048K), 2 survivors (2048K)
 Metaspace       used 30345K, committed 30784K, reserved 1114112K
  class space    used 3664K, committed 3904K, reserved 1048576K
}
Event: 25.691 GC heap before
{Heap before GC invocations=9 (full 0):
 garbage-first heap   total 55296K, used 50353K [0x0000000084200000, 0x0000000100000000)
  region size 1024K, 12 young (12288K), 2 survivors (2048K)
 Metaspace       used 30937K, committed 31360K, reserved 1114112K
  class space    used 3715K, committed 3904K, reserved 1048576K
}
Event: 25.697 GC heap after
{Heap after GC invocations=10 (full 0):
 garbage-first heap   total 55296K, used 42850K [0x0000000084200000, 0x0000000100000000)
  region size 1024K, 2 young (2048K), 2 survivors (2048K)
 Metaspace       used 30937K, committed 31360K, reserved 1114112K
  class space    used 3715K, committed 3904K, reserved 1048576K
}
Event: 26.413 GC heap before
{Heap before GC invocations=10 (full 0):
 garbage-first heap   total 55296K, used 42850K [0x0000000084200000, 0x0000000100000000)
  region size 1024K, 3 young (3072K), 2 survivors (2048K)
 Metaspace       used 31056K, committed 31424K, reserved 1114112K
  class space    used 3728K, committed 3904K, reserved 1048576K
}
Event: 26.416 GC heap after
{Heap after GC invocations=11 (full 0):
 garbage-first heap   total 55296K, used 43075K [0x0000000084200000, 0x0000000100000000)
  region size 1024K, 1 young (1024K), 1 survivors (1024K)
 Metaspace       used 31056K, committed 31424K, reserved 1114112K
  class space    used 3728K, committed 3904K, reserved 1048576K
}
Event: 26.837 GC heap before
{Heap before GC invocations=11 (full 0):
 garbage-first heap   total 55296K, used 45123K [0x0000000084200000, 0x0000000100000000)
  region size 1024K, 4 young (4096K), 1 survivors (1024K)
 Metaspace       used 32460K, committed 32832K, reserved 1114112K
  class space    used 3913K, committed 4096K, reserved 1048576K
}
Event: 26.839 GC heap after
{Heap after GC invocations=12 (full 0):
 garbage-first heap   total 55296K, used 43123K [0x0000000084200000, 0x0000000100000000)
  region size 1024K, 1 young (1024K), 1 survivors (1024K)
 Metaspace       used 32460K, committed 32832K, reserved 1114112K
  class space    used 3913K, committed 4096K, reserved 1048576K
}
Event: 26.965 GC heap before
{Heap before GC invocations=13 (full 0):
 garbage-first heap   total 75776K, used 45171K [0x0000000084200000, 0x0000000100000000)
  region size 1024K, 4 young (4096K), 1 survivors (1024K)
 Metaspace       used 33008K, committed 33408K, reserved 1114112K
  class space    used 3963K, committed 4160K, reserved 1048576K
}
Event: 26.967 GC heap after
{Heap after GC invocations=14 (full 0):
 garbage-first heap   total 75776K, used 43293K [0x0000000084200000, 0x0000000100000000)
  region size 1024K, 1 young (1024K), 1 survivors (1024K)
 Metaspace       used 33008K, committed 33408K, reserved 1114112K
  class space    used 3963K, committed 4160K, reserved 1048576K
}
Event: 27.446 GC heap before
{Heap before GC invocations=14 (full 0):
 garbage-first heap   total 75776K, used 44317K [0x0000000084200000, 0x0000000100000000)
  region size 1024K, 3 young (3072K), 1 survivors (1024K)
 Metaspace       used 33490K, committed 33920K, reserved 1114112K
  class space    used 4021K, committed 4224K, reserved 1048576K
}

