<?xml version="1.0" encoding="UTF-8"?>
<testng-results ignored="0" total="1" passed="1" failed="0" skipped="0">
  <reporter-output>
  </reporter-output>
  <suite started-at="2023-07-18T11:47:49 BST" name="Default suite" finished-at="2023-07-18T11:48:22 BST" duration-ms="33162">
    <groups>
      <group name="cucumber">
        <method signature="AbstractTestNGCucumberTests.runScenario(io.cucumber.testng.PickleWrapper,io.cucumber.testng.FeatureWrapper)[pri:0, instance:runner.RunIndividuals@34a3d150]" name="runScenario" class="io.cucumber.testng.AbstractTestNGCucumberTests"/>
      </group> <!-- cucumber -->
    </groups>
    <test started-at="2023-07-18T11:47:49 BST" name="Default test" finished-at="2023-07-18T11:48:22 BST" duration-ms="33162">
      <class name="runner.RunIndividuals">
        <test-method is-config="true" signature="setUpClass(org.testng.ITestContext)[pri:0, instance:runner.RunIndividuals@34a3d150]" started-at="2023-07-18T11:47:49 BST" name="setUpClass" finished-at="2023-07-18T11:47:49 BST" duration-ms="301" status="PASS">
          <params>
            <param index="0">
              <value>
                <![CDATA[org.testng.TestRunner@21c7208d]]>
              </value>
            </param>
          </params>
          <reporter-output>
          </reporter-output>
        </test-method> <!-- setUpClass -->
        <test-method is-config="true" signature="preCondition()[pri:0, instance:runner.RunIndividuals@34a3d150]" started-at="2023-07-18T11:47:49 BST" name="preCondition" finished-at="2023-07-18T11:47:56 BST" duration-ms="6195" status="PASS">
          <reporter-output>
          </reporter-output>
        </test-method> <!-- preCondition -->
        <test-method signature="runIndividuals()[pri:0, instance:runner.RunIndividuals@34a3d150]" started-at="2023-07-18T11:47:56 BST" name="runIndividuals" finished-at="2023-07-18T11:48:22 BST" duration-ms="26307" status="PASS">
          <reporter-output>
          </reporter-output>
        </test-method> <!-- runIndividuals -->
        <test-method is-config="true" signature="close()[pri:0, instance:runner.RunIndividuals@34a3d150]" started-at="2023-07-18T11:48:22 BST" name="close" finished-at="2023-07-18T11:48:22 BST" duration-ms="285" status="PASS">
          <reporter-output>
          </reporter-output>
        </test-method> <!-- close -->
        <test-method is-config="true" signature="tearDownClass()[pri:0, instance:runner.RunIndividuals@34a3d150]" started-at="2023-07-18T11:48:22 BST" name="tearDownClass" finished-at="2023-07-18T11:48:22 BST" duration-ms="26" status="PASS">
          <reporter-output>
          </reporter-output>
        </test-method> <!-- tearDownClass -->
      </class> <!-- runner.RunIndividuals -->
    </test> <!-- Default test -->
  </suite> <!-- Default suite -->
</testng-results>
